<?xml version="1.0" encoding="UTF-8"?>
<testng-results skipped="0" failed="0" ignored="0" total="1" passed="1">
  <reporter-output>
  </reporter-output>
  <suite name="Default suite" duration-ms="13890" started-at="2018-03-01T13:25:40Z" finished-at="2018-03-01T13:25:54Z">
    <groups>
    </groups>
    <test name="Default test" duration-ms="13890" started-at="2018-03-01T13:25:40Z" finished-at="2018-03-01T13:25:54Z">
      <class name="Orange.Autoit2">
        <test-method status="PASS" signature="f()[pri:0, instance:Orange.Autoit2@224edc67]" name="f" duration-ms="13810" started-at="2018-03-01T13:25:40Z" finished-at="2018-03-01T13:25:54Z">
          <reporter-output>
          </reporter-output>
        </test-method> <!-- f -->
      </class> <!-- Orange.Autoit2 -->
    </test> <!-- Default test -->
  </suite> <!-- Default suite -->
</testng-results>
